This is pdfTeX, Version 3.14159265-2.6-1.40.20 (TeX Live 2019) (preloaded format=pdflatex 2019.11.14)  15 NOV 2019 09:55
entering extended mode
 restricted \write18 enabled.
 %&-line parsing enabled.
**certificates.tex
(./certificates.tex
LaTeX2e <2018-12-01>
(/usr/local/texlive/2019/texmf-dist/tex/latex/base/letter.cls
Document Class: letter 2014/09/29 v1.2z Standard LaTeX document class
(/usr/local/texlive/2019/texmf-dist/tex/latex/base/size10.clo
File: size10.clo 2018/09/03 v1.4i Standard LaTeX file (size option)
)
\longindentation=\dimen102
\indentedwidth=\dimen103
\labelcount=\count80
)
(/usr/local/texlive/2019/texmf-dist/tex/latex/geometry/geometry.sty
Package: geometry 2018/04/16 v5.8 Page Geometry

(/usr/local/texlive/2019/texmf-dist/tex/latex/graphics/keyval.sty
Package: keyval 2014/10/28 v1.15 key=value parser (DPC)
\KV@toks@=\toks14
)
(/usr/local/texlive/2019/texmf-dist/tex/generic/oberdiek/ifpdf.sty
Package: ifpdf 2018/09/07 v3.3 Provides the ifpdf switch
)
(/usr/local/texlive/2019/texmf-dist/tex/generic/oberdiek/ifvtex.sty
Package: ifvtex 2016/05/16 v1.6 Detect VTeX and its facilities (HO)
Package ifvtex Info: VTeX not detected.
)
(/usr/local/texlive/2019/texmf-dist/tex/generic/ifxetex/ifxetex.sty
Package: ifxetex 2010/09/12 v0.6 Provides ifxetex conditional
)
\Gm@cnth=\count81
\Gm@cntv=\count82
\c@Gm@tempcnt=\count83
\Gm@bindingoffset=\dimen104
\Gm@wd@mp=\dimen105
\Gm@odd@mp=\dimen106
\Gm@even@mp=\dimen107
\Gm@layoutwidth=\dimen108
\Gm@layoutheight=\dimen109
\Gm@layouthoffset=\dimen110
\Gm@layoutvoffset=\dimen111
\Gm@dimlist=\toks15
)
(/usr/local/texlive/2019/texmf-dist/tex/latex/graphics/graphicx.sty
Package: graphicx 2017/06/01 v1.1a Enhanced LaTeX Graphics (DPC,SPQR)

(/usr/local/texlive/2019/texmf-dist/tex/latex/graphics/graphics.sty
Package: graphics 2017/06/25 v1.2c Standard LaTeX Graphics (DPC,SPQR)

(/usr/local/texlive/2019/texmf-dist/tex/latex/graphics/trig.sty
Package: trig 2016/01/03 v1.10 sin cos tan (DPC)
)
(/usr/local/texlive/2019/texmf-dist/tex/latex/graphics-cfg/graphics.cfg
File: graphics.cfg 2016/06/04 v1.11 sample graphics configuration
)
Package graphics Info: Driver file: pdftex.def on input line 99.

(/usr/local/texlive/2019/texmf-dist/tex/latex/graphics-def/pdftex.def
File: pdftex.def 2018/01/08 v1.0l Graphics/color driver for pdftex
))
\Gin@req@height=\dimen112
\Gin@req@width=\dimen113
)
(/usr/local/texlive/2019/texmf-dist/tex/latex/datatool/datatool.sty
Package: datatool 2018/12/07 v2.31 (NLCT)

(/usr/local/texlive/2019/texmf-dist/tex/latex/xkeyval/xkeyval.sty
Package: xkeyval 2014/12/03 v2.7a package option processing (HA)

(/usr/local/texlive/2019/texmf-dist/tex/generic/xkeyval/xkeyval.tex
(/usr/local/texlive/2019/texmf-dist/tex/generic/xkeyval/xkvutils.tex
\XKV@toks=\toks16
\XKV@tempa@toks=\toks17
)
\XKV@depth=\count84
File: xkeyval.tex 2014/12/03 v2.7a key=value parser (HA)
))
(/usr/local/texlive/2019/texmf-dist/tex/latex/base/ifthen.sty
Package: ifthen 2014/09/29 v1.1c Standard LaTeX ifthen package (DPC)
)
(/usr/local/texlive/2019/texmf-dist/tex/latex/xfor/xfor.sty
Package: xfor 2009/02/05 v1.05 (NLCT)
)
(/usr/local/texlive/2019/texmf-dist/tex/latex/substr/substr.sty
Package: substr 2009/10/20 v1.2 Handle substrings
\c@su@anzahl=\count85
)
(/usr/local/texlive/2019/texmf-dist/tex/latex/etoolbox/etoolbox.sty
Package: etoolbox 2018/08/19 v2.5f e-TeX tools for LaTeX (JAW)
\etb@tempcnta=\count86
)
(/usr/local/texlive/2019/texmf-dist/tex/latex/datatool/datatool-base.sty
Package: datatool-base 2018/12/07 v2.31 (NLCT)

(/usr/local/texlive/2019/texmf-dist/tex/latex/amsmath/amsmath.sty
Package: amsmath 2018/12/01 v2.17b AMS math features
\@mathmargin=\skip41

For additional information on amsmath, use the `?' option.
(/usr/local/texlive/2019/texmf-dist/tex/latex/amsmath/amstext.sty
Package: amstext 2000/06/29 v2.01 AMS text

(/usr/local/texlive/2019/texmf-dist/tex/latex/amsmath/amsgen.sty
File: amsgen.sty 1999/11/30 v2.0 generic functions
\@emptytoks=\toks18
\ex@=\dimen114
))
(/usr/local/texlive/2019/texmf-dist/tex/latex/amsmath/amsbsy.sty
Package: amsbsy 1999/11/29 v1.2d Bold Symbols
\pmbraise@=\dimen115
)
(/usr/local/texlive/2019/texmf-dist/tex/latex/amsmath/amsopn.sty
Package: amsopn 2016/03/08 v2.02 operator names
)
\inf@bad=\count87
LaTeX Info: Redefining \frac on input line 223.
\uproot@=\count88
\leftroot@=\count89
LaTeX Info: Redefining \overline on input line 385.
\classnum@=\count90
\DOTSCASE@=\count91
LaTeX Info: Redefining \ldots on input line 482.
LaTeX Info: Redefining \dots on input line 485.
LaTeX Info: Redefining \cdots on input line 606.
\Mathstrutbox@=\box27
\strutbox@=\box28
\big@size=\dimen116
LaTeX Font Info:    Redeclaring font encoding OML on input line 729.
LaTeX Font Info:    Redeclaring font encoding OMS on input line 730.
\macc@depth=\count92
\c@MaxMatrixCols=\count93
\dotsspace@=\muskip10
\c@parentequation=\count94
\dspbrk@lvl=\count95
\tag@help=\toks19
\row@=\count96
\column@=\count97
\maxfields@=\count98
\andhelp@=\toks20
\eqnshift@=\dimen117
\alignsep@=\dimen118
\tagshift@=\dimen119
\tagwidth@=\dimen120
\totwidth@=\dimen121
\lineht@=\dimen122
\@envbody=\toks21
\multlinegap=\skip42
\multlinetaggap=\skip43
\mathdisplay@stack=\toks22
LaTeX Info: Redefining \[ on input line 2844.
LaTeX Info: Redefining \] on input line 2845.
)
(/usr/local/texlive/2019/texmf-dist/tex/latex/datatool/datatool-fp.sty
Package: datatool-fp 2018/12/07 v2.31 (NLCT)

(/usr/local/texlive/2019/texmf-dist/tex/latex/fp/fp.sty
Package: fp 1995/04/02

`Fixed Point Package', Version 0.8, April 2, 1995 (C) Michael Mehlich
(/usr/local/texlive/2019/texmf-dist/tex/latex/fp/defpattern.sty
Package: defpattern 1994/10/12
\actioncount=\count99
)
(/usr/local/texlive/2019/texmf-dist/tex/latex/fp/fp-basic.sty
Package: fp-basic 1996/05/13
\FP@xs=\count100
\FP@xia=\count101
\FP@xib=\count102
\FP@xfa=\count103
\FP@xfb=\count104
\FP@rega=\count105
\FP@regb=\count106
\FP@regs=\count107
\FP@times=\count108
)
(/usr/local/texlive/2019/texmf-dist/tex/latex/fp/fp-addons.sty
Package: fp-addons 1995/03/15
)
(/usr/local/texlive/2019/texmf-dist/tex/latex/fp/fp-snap.sty
Package: fp-snap 1995/04/05
)
(/usr/local/texlive/2019/texmf-dist/tex/latex/fp/fp-exp.sty
Package: fp-exp 1995/04/03
)
(/usr/local/texlive/2019/texmf-dist/tex/latex/fp/fp-trigo.sty
Package: fp-trigo 1995/04/14
)
(/usr/local/texlive/2019/texmf-dist/tex/latex/fp/fp-pas.sty
Package: fp-pas 1994/08/29
)
(/usr/local/texlive/2019/texmf-dist/tex/latex/fp/fp-random.sty
Package: fp-random 1995/02/23
\FPseed=\count109
)
(/usr/local/texlive/2019/texmf-dist/tex/latex/fp/fp-eqn.sty
Package: fp-eqn 1995/04/03
)
(/usr/local/texlive/2019/texmf-dist/tex/latex/fp/fp-upn.sty
Package: fp-upn 1996/10/21
)
(/usr/local/texlive/2019/texmf-dist/tex/latex/fp/fp-eval.sty
Package: fp-eval 1995/04/03
)))
\@dtl@toks=\toks23
\@dtl@tmpcount=\count110
\dtl@tmplength=\skip44
\dtl@sortresult=\count111
\@dtl@numgrpsepcount=\count112
\@dtl@datatype=\count113
\dtl@codeA=\count114
\dtl@codeB=\count115
\@dtl@foreach@level=\count116
)
\dtlcolumnnum=\count117
\dtlrownum=\count118
\@dtl@before=\toks24
\@dtl@after=\toks25
\@dtl@colhead=\toks26
\dtlcurrentrow=\toks27
\dtlbeforerow=\toks28
\dtlafterrow=\toks29
\dtlforeachlevel=\count119
\c@DTLrowi=\count120
\c@DTLrowii=\count121
\c@DTLrowiii=\count122
\c@DTLrow=\count123
\dtl@rowi=\count124
\dtl@rowii=\count125
\dtl@rowiii=\count126
\@dtl@curi=\toks30
\@dtl@previ=\toks31
\@dtl@nexti=\toks32
\@dtl@curii=\toks33
\@dtl@previi=\toks34
\@dtl@nextii=\toks35
\@dtl@curiii=\toks36
\@dtl@previii=\toks37
\@dtl@nextiii=\toks38
\@dtl@elements=\count127
\@dtl@list=\toks39
\@dtl@rowa=\toks40
\@dtl@rowb=\toks41
\@dtl@toksA=\toks42
\@dtl@toksB=\toks43
\@dtl@write=\write3
\@dtl@read=\read1
\dtl@entrycr=\count128
\dtl@omitlines=\count129
)
(/usr/local/texlive/2019/texmf-dist/tex/latex/xcolor/xcolor.sty
Package: xcolor 2016/05/11 v2.12 LaTeX color extensions (UK)

(/usr/local/texlive/2019/texmf-dist/tex/latex/graphics-cfg/color.cfg
File: color.cfg 2016/01/02 v1.6 sample color configuration
)
Package xcolor Info: Driver file: pdftex.def on input line 225.
Package xcolor Info: Model `cmy' substituted by `cmy0' on input line 1348.
Package xcolor Info: Model `hsb' substituted by `rgb' on input line 1352.
Package xcolor Info: Model `RGB' extended on input line 1364.
Package xcolor Info: Model `HTML' substituted by `rgb' on input line 1366.
Package xcolor Info: Model `Hsb' substituted by `hsb' on input line 1367.
Package xcolor Info: Model `tHsb' substituted by `hsb' on input line 1368.
Package xcolor Info: Model `HSB' substituted by `hsb' on input line 1369.
Package xcolor Info: Model `Gray' substituted by `gray' on input line 1370.
Package xcolor Info: Model `wave' substituted by `hsb' on input line 1371.
)
\dtldb@name=\toks44
\dtlkeys@name=\toks45
\dtlrows@name=\count130
\dtlcols@name=\count131

(/Library/Frameworks/R.framework/Resources/share/texmf/tex/latex/Sweave.sty
Package: Sweave 

(/usr/local/texlive/2019/texmf-dist/tex/latex/fancyvrb/fancyvrb.sty
Package: fancyvrb 2019/01/15

Style option: `fancyvrb' v3.2a <2019/01/15> (tvz)
\FV@CodeLineNo=\count132
\FV@InFile=\read2
\FV@TabBox=\box29
\c@FancyVerbLine=\count133
\FV@StepNumber=\count134
\FV@OutFile=\write4
)
(/usr/local/texlive/2019/texmf-dist/tex/latex/base/textcomp.sty
Package: textcomp 2018/08/11 v2.0j Standard LaTeX package
Package textcomp Info: Sub-encoding information:
(textcomp)               5 = only ISO-Adobe without \textcurrency
(textcomp)               4 = 5 + \texteuro
(textcomp)               3 = 4 + \textohm
(textcomp)               2 = 3 + \textestimated + \textcurrency
(textcomp)               1 = TS1 - \textcircled - \t
(textcomp)               0 = TS1 (full)
(textcomp)             Font families with sub-encoding setting implement
(textcomp)             only a restricted character set as indicated.
(textcomp)             Family '?' is the default used for unknown fonts.
(textcomp)             See the documentation for details.
Package textcomp Info: Setting ? sub-encoding to TS1/1 on input line 79.

(/usr/local/texlive/2019/texmf-dist/tex/latex/base/ts1enc.def
File: ts1enc.def 2001/06/05 v3.0e (jk/car/fm) Standard LaTeX file
Now handling font encoding TS1 ...
... processing UTF-8 mapping file for font encoding TS1

(/usr/local/texlive/2019/texmf-dist/tex/latex/base/ts1enc.dfu
File: ts1enc.dfu 2018/10/05 v1.2f UTF-8 support for inputenc
   defining Unicode char U+00A2 (decimal 162)
   defining Unicode char U+00A3 (decimal 163)
   defining Unicode char U+00A4 (decimal 164)
   defining Unicode char U+00A5 (decimal 165)
   defining Unicode char U+00A6 (decimal 166)
   defining Unicode char U+00A7 (decimal 167)
   defining Unicode char U+00A8 (decimal 168)
   defining Unicode char U+00A9 (decimal 169)
   defining Unicode char U+00AA (decimal 170)
   defining Unicode char U+00AC (decimal 172)
   defining Unicode char U+00AE (decimal 174)
   defining Unicode char U+00AF (decimal 175)
   defining Unicode char U+00B0 (decimal 176)
   defining Unicode char U+00B1 (decimal 177)
   defining Unicode char U+00B2 (decimal 178)
   defining Unicode char U+00B3 (decimal 179)
   defining Unicode char U+00B4 (decimal 180)
   defining Unicode char U+00B5 (decimal 181)
   defining Unicode char U+00B6 (decimal 182)
   defining Unicode char U+00B7 (decimal 183)
   defining Unicode char U+00B9 (decimal 185)
   defining Unicode char U+00BA (decimal 186)
   defining Unicode char U+00BC (decimal 188)
   defining Unicode char U+00BD (decimal 189)
   defining Unicode char U+00BE (decimal 190)
   defining Unicode char U+00D7 (decimal 215)
   defining Unicode char U+00F7 (decimal 247)
   defining Unicode char U+0192 (decimal 402)
   defining Unicode char U+02C7 (decimal 711)
   defining Unicode char U+02D8 (decimal 728)
   defining Unicode char U+02DD (decimal 733)
   defining Unicode char U+0E3F (decimal 3647)
   defining Unicode char U+2016 (decimal 8214)
   defining Unicode char U+2020 (decimal 8224)
   defining Unicode char U+2021 (decimal 8225)
   defining Unicode char U+2022 (decimal 8226)
   defining Unicode char U+2030 (decimal 8240)
   defining Unicode char U+2031 (decimal 8241)
   defining Unicode char U+203B (decimal 8251)
   defining Unicode char U+203D (decimal 8253)
   defining Unicode char U+2044 (decimal 8260)
   defining Unicode char U+204E (decimal 8270)
   defining Unicode char U+2052 (decimal 8274)
   defining Unicode char U+20A1 (decimal 8353)
   defining Unicode char U+20A4 (decimal 8356)
   defining Unicode char U+20A6 (decimal 8358)
   defining Unicode char U+20A9 (decimal 8361)
   defining Unicode char U+20AB (decimal 8363)
   defining Unicode char U+20AC (decimal 8364)
   defining Unicode char U+20B1 (decimal 8369)
   defining Unicode char U+2103 (decimal 8451)
   defining Unicode char U+2116 (decimal 8470)
   defining Unicode char U+2117 (decimal 8471)
   defining Unicode char U+211E (decimal 8478)
   defining Unicode char U+2120 (decimal 8480)
   defining Unicode char U+2122 (decimal 8482)
   defining Unicode char U+2126 (decimal 8486)
   defining Unicode char U+2127 (decimal 8487)
   defining Unicode char U+212E (decimal 8494)
   defining Unicode char U+2190 (decimal 8592)
   defining Unicode char U+2191 (decimal 8593)
   defining Unicode char U+2192 (decimal 8594)
   defining Unicode char U+2193 (decimal 8595)
   defining Unicode char U+2329 (decimal 9001)
   defining Unicode char U+232A (decimal 9002)
   defining Unicode char U+2422 (decimal 9250)
   defining Unicode char U+25E6 (decimal 9702)
   defining Unicode char U+25EF (decimal 9711)
   defining Unicode char U+266A (decimal 9834)
   defining Unicode char U+FEFF (decimal 65279)
))
LaTeX Info: Redefining \oldstylenums on input line 334.
Package textcomp Info: Setting cmr sub-encoding to TS1/0 on input line 349.
Package textcomp Info: Setting cmss sub-encoding to TS1/0 on input line 350.
Package textcomp Info: Setting cmtt sub-encoding to TS1/0 on input line 351.
Package textcomp Info: Setting cmvtt sub-encoding to TS1/0 on input line 352.
Package textcomp Info: Setting cmbr sub-encoding to TS1/0 on input line 353.
Package textcomp Info: Setting cmtl sub-encoding to TS1/0 on input line 354.
Package textcomp Info: Setting ccr sub-encoding to TS1/0 on input line 355.
Package textcomp Info: Setting ptm sub-encoding to TS1/4 on input line 356.
Package textcomp Info: Setting pcr sub-encoding to TS1/4 on input line 357.
Package textcomp Info: Setting phv sub-encoding to TS1/4 on input line 358.
Package textcomp Info: Setting ppl sub-encoding to TS1/3 on input line 359.
Package textcomp Info: Setting pag sub-encoding to TS1/4 on input line 360.
Package textcomp Info: Setting pbk sub-encoding to TS1/4 on input line 361.
Package textcomp Info: Setting pnc sub-encoding to TS1/4 on input line 362.
Package textcomp Info: Setting pzc sub-encoding to TS1/4 on input line 363.
Package textcomp Info: Setting bch sub-encoding to TS1/4 on input line 364.
Package textcomp Info: Setting put sub-encoding to TS1/5 on input line 365.
Package textcomp Info: Setting uag sub-encoding to TS1/5 on input line 366.
Package textcomp Info: Setting ugq sub-encoding to TS1/5 on input line 367.
Package textcomp Info: Setting ul8 sub-encoding to TS1/4 on input line 368.
Package textcomp Info: Setting ul9 sub-encoding to TS1/4 on input line 369.
Package textcomp Info: Setting augie sub-encoding to TS1/5 on input line 370.
Package textcomp Info: Setting dayrom sub-encoding to TS1/3 on input line 371.
Package textcomp Info: Setting dayroms sub-encoding to TS1/3 on input line 372.

Package textcomp Info: Setting pxr sub-encoding to TS1/0 on input line 373.
Package textcomp Info: Setting pxss sub-encoding to TS1/0 on input line 374.
Package textcomp Info: Setting pxtt sub-encoding to TS1/0 on input line 375.
Package textcomp Info: Setting txr sub-encoding to TS1/0 on input line 376.
Package textcomp Info: Setting txss sub-encoding to TS1/0 on input line 377.
Package textcomp Info: Setting txtt sub-encoding to TS1/0 on input line 378.
Package textcomp Info: Setting lmr sub-encoding to TS1/0 on input line 379.
Package textcomp Info: Setting lmdh sub-encoding to TS1/0 on input line 380.
Package textcomp Info: Setting lmss sub-encoding to TS1/0 on input line 381.
Package textcomp Info: Setting lmssq sub-encoding to TS1/0 on input line 382.
Package textcomp Info: Setting lmvtt sub-encoding to TS1/0 on input line 383.
Package textcomp Info: Setting lmtt sub-encoding to TS1/0 on input line 384.
Package textcomp Info: Setting qhv sub-encoding to TS1/0 on input line 385.
Package textcomp Info: Setting qag sub-encoding to TS1/0 on input line 386.
Package textcomp Info: Setting qbk sub-encoding to TS1/0 on input line 387.
Package textcomp Info: Setting qcr sub-encoding to TS1/0 on input line 388.
Package textcomp Info: Setting qcs sub-encoding to TS1/0 on input line 389.
Package textcomp Info: Setting qpl sub-encoding to TS1/0 on input line 390.
Package textcomp Info: Setting qtm sub-encoding to TS1/0 on input line 391.
Package textcomp Info: Setting qzc sub-encoding to TS1/0 on input line 392.
Package textcomp Info: Setting qhvc sub-encoding to TS1/0 on input line 393.
Package textcomp Info: Setting futs sub-encoding to TS1/4 on input line 394.
Package textcomp Info: Setting futx sub-encoding to TS1/4 on input line 395.
Package textcomp Info: Setting futj sub-encoding to TS1/4 on input line 396.
Package textcomp Info: Setting hlh sub-encoding to TS1/3 on input line 397.
Package textcomp Info: Setting hls sub-encoding to TS1/3 on input line 398.
Package textcomp Info: Setting hlst sub-encoding to TS1/3 on input line 399.
Package textcomp Info: Setting hlct sub-encoding to TS1/5 on input line 400.
Package textcomp Info: Setting hlx sub-encoding to TS1/5 on input line 401.
Package textcomp Info: Setting hlce sub-encoding to TS1/5 on input line 402.
Package textcomp Info: Setting hlcn sub-encoding to TS1/5 on input line 403.
Package textcomp Info: Setting hlcw sub-encoding to TS1/5 on input line 404.
Package textcomp Info: Setting hlcf sub-encoding to TS1/5 on input line 405.
Package textcomp Info: Setting pplx sub-encoding to TS1/3 on input line 406.
Package textcomp Info: Setting pplj sub-encoding to TS1/3 on input line 407.
Package textcomp Info: Setting ptmx sub-encoding to TS1/4 on input line 408.
Package textcomp Info: Setting ptmj sub-encoding to TS1/4 on input line 409.
)
(/usr/local/texlive/2019/texmf-dist/tex/latex/base/fontenc.sty
Package: fontenc 2018/08/11 v2.0j Standard LaTeX package

(/usr/local/texlive/2019/texmf-dist/tex/latex/base/t1enc.def
File: t1enc.def 2018/08/11 v2.0j Standard LaTeX file
LaTeX Font Info:    Redeclaring font encoding T1 on input line 48.
))
(/usr/local/texlive/2019/texmf-dist/tex/latex/ae/ae.sty
Package: ae 2001/02/12 1.3 Almost European Computer Modern

(/usr/local/texlive/2019/texmf-dist/tex/latex/base/fontenc.sty
Package: fontenc 2018/08/11 v2.0j Standard LaTeX package

(/usr/local/texlive/2019/texmf-dist/tex/latex/base/t1enc.def
File: t1enc.def 2018/08/11 v2.0j Standard LaTeX file
LaTeX Font Info:    Redeclaring font encoding T1 on input line 48.
)
LaTeX Font Info:    Try loading font information for T1+aer on input line 105.

(/usr/local/texlive/2019/texmf-dist/tex/latex/ae/t1aer.fd
File: t1aer.fd 1997/11/16 Font definitions for T1/aer.
))))
(./certificates.aux)
\openout1 = `certificates.aux'.

LaTeX Font Info:    Checking defaults for OML/cmm/m/it on input line 17.
LaTeX Font Info:    ... okay on input line 17.
LaTeX Font Info:    Checking defaults for T1/cmr/m/n on input line 17.
LaTeX Font Info:    ... okay on input line 17.
LaTeX Font Info:    Checking defaults for OT1/cmr/m/n on input line 17.
LaTeX Font Info:    ... okay on input line 17.
LaTeX Font Info:    Checking defaults for OMS/cmsy/m/n on input line 17.
LaTeX Font Info:    ... okay on input line 17.
LaTeX Font Info:    Checking defaults for OMX/cmex/m/n on input line 17.
LaTeX Font Info:    ... okay on input line 17.
LaTeX Font Info:    Checking defaults for U/cmr/m/n on input line 17.
LaTeX Font Info:    ... okay on input line 17.
LaTeX Font Info:    Checking defaults for TS1/cmr/m/n on input line 17.
LaTeX Font Info:    Try loading font information for TS1+cmr on input line 17.

(/usr/local/texlive/2019/texmf-dist/tex/latex/base/ts1cmr.fd
File: ts1cmr.fd 2014/09/29 v2.5h Standard LaTeX font definitions
)
LaTeX Font Info:    ... okay on input line 17.

*geometry* driver: auto-detecting
*geometry* detected driver: pdftex
*geometry* verbose mode - [ preamble ] result:
* driver: pdftex
* paper: a4paper
* layout: <same size as paper>
* layoutoffset:(h,v)=(0.0pt,0.0pt)
* modes: 
* h-part:(L,W,R)=(56.9055pt, 483.69684pt, 56.90553pt)
* v-part:(T,H,B)=(56.9055pt, 731.23582pt, 56.90552pt)
* \paperwidth=597.50787pt
* \paperheight=845.04684pt
* \textwidth=483.69684pt
* \textheight=731.23582pt
* \oddsidemargin=-15.36449pt
* \evensidemargin=-15.36449pt
* \topmargin=-72.36449pt
* \headheight=12.0pt
* \headsep=45.0pt
* \topskip=10.0pt
* \footskip=25.0pt
* \marginparwidth=90.0pt
* \marginparsep=11.0pt
* \columnsep=10.0pt
* \skip\footins=10.0pt plus 2.0pt minus 4.0pt
* \hoffset=0.0pt
* \voffset=0.0pt
* \mag=1000
* \@twocolumnfalse
* \@twosidefalse
* \@mparswitchfalse
* \@reversemarginfalse
* (1in=72.27pt=25.4mm, 1cm=28.453pt)

(/usr/local/texlive/2019/texmf-dist/tex/context/base/mkii/supp-pdf.mkii
[Loading MPS to PDF converter (version 2006.09.02).]
\scratchcounter=\count135
\scratchdimen=\dimen123
\scratchbox=\box30
\nofMPsegments=\count136
\nofMParguments=\count137
\everyMPshowfont=\toks46
\MPscratchCnt=\count138
\MPscratchDim=\dimen124
\MPnumerator=\count139
\makeMPintoPDFobject=\count140
\everyMPtoPDFconversion=\toks47
) (/usr/local/texlive/2019/texmf-dist/tex/latex/oberdiek/epstopdf-base.sty
Package: epstopdf-base 2016/05/15 v2.6 Base part for package epstopdf

(/usr/local/texlive/2019/texmf-dist/tex/generic/oberdiek/infwarerr.sty
Package: infwarerr 2016/05/16 v1.4 Providing info/warning/error messages (HO)
)
(/usr/local/texlive/2019/texmf-dist/tex/latex/oberdiek/grfext.sty
Package: grfext 2016/05/16 v1.2 Manage graphics extensions (HO)

(/usr/local/texlive/2019/texmf-dist/tex/generic/oberdiek/kvdefinekeys.sty
Package: kvdefinekeys 2016/05/16 v1.4 Define keys (HO)

(/usr/local/texlive/2019/texmf-dist/tex/generic/oberdiek/ltxcmds.sty
Package: ltxcmds 2016/05/16 v1.23 LaTeX kernel commands for general use (HO)
)))
(/usr/local/texlive/2019/texmf-dist/tex/latex/oberdiek/kvoptions.sty
Package: kvoptions 2016/05/16 v3.12 Key value format for package options (HO)

(/usr/local/texlive/2019/texmf-dist/tex/generic/oberdiek/kvsetkeys.sty
Package: kvsetkeys 2016/05/16 v1.17 Key value parser (HO)

(/usr/local/texlive/2019/texmf-dist/tex/generic/oberdiek/etexcmds.sty
Package: etexcmds 2016/05/16 v1.6 Avoid name clashes with e-TeX commands (HO)

(/usr/local/texlive/2019/texmf-dist/tex/generic/oberdiek/ifluatex.sty
Package: ifluatex 2016/05/16 v1.4 Provides the ifluatex switch (HO)
Package ifluatex Info: LuaTeX not detected.
))))
(/usr/local/texlive/2019/texmf-dist/tex/generic/oberdiek/pdftexcmds.sty
Package: pdftexcmds 2018/09/10 v0.29 Utility functions of pdfTeX for LuaTeX (HO
)
Package pdftexcmds Info: LuaTeX not detected.
Package pdftexcmds Info: \pdf@primitive is available.
Package pdftexcmds Info: \pdf@ifprimitive is available.
Package pdftexcmds Info: \pdfdraftmode found.
)
Package epstopdf-base Info: Redefining graphics rule for `.eps' on input line 4
38.
Package grfext Info: Graphics extension search list:
(grfext)             [.pdf,.png,.jpg,.mps,.jpeg,.jbig2,.jb2,.PDF,.PNG,.JPG,.JPE
G,.JBIG2,.JB2,.eps]
(grfext)             \AppendGraphicsExtensions on input line 456.

(/usr/local/texlive/2019/texmf-dist/tex/latex/latexconfig/epstopdf-sys.cfg
File: epstopdf-sys.cfg 2010/07/13 v1.3 Configuration of (r)epstopdf for TeX Liv
e
))
(./certificates-concordance.tex)
<uu_logo.png, id=2, 592.2125pt x 564.1075pt>
File: uu_logo.png Graphic file (type png)
<use uu_logo.png>
Package pdftex.def Info: uu_logo.png  used on input line 78.
(pdftex.def)             Requested size: 96.73788pt x 92.14409pt.
<scilife_logo.png, id=4, 978.5358pt x 316.42215pt>
File: scilife_logo.png Graphic file (type png)
<use scilife_logo.png>
Package pdftex.def Info: scilife_logo.png  used on input line 78.
(pdftex.def)             Requested size: 169.29684pt x 54.7422pt.
LaTeX Font Info:    Try loading font information for TS1+aer on input line 78.

(/Library/Frameworks/R.framework/Resources/share/texmf/tex/latex/ts1aer.fd
File: ts1aer.fd 
)
LaTeX Font Info:    Font shape `TS1/aer/m/n' in size <10> not available
(Font)              Font shape `TS1/cmr/m/n' tried instead on input line 78.

Underfull \hbox (badness 10000) in paragraph at lines 78--78

 []

(./certificates-concordance.tex)
File: uu_logo.png Graphic file (type png)
<use uu_logo.png>
Package pdftex.def Info: uu_logo.png  used on input line 78.
(pdftex.def)             Requested size: 96.73788pt x 92.14409pt.
File: scilife_logo.png Graphic file (type png)
<use scilife_logo.png>
Package pdftex.def Info: scilife_logo.png  used on input line 78.
(pdftex.def)             Requested size: 169.29684pt x 54.7422pt.
 [1

{/usr/local/texlive/2019/texmf-var/fonts/map/pdftex/updmap/pdftex.map} <./uu_lo
go.png> <./scilife_logo.png>]
Underfull \hbox (badness 10000) in paragraph at lines 78--78

 []

(./certificates-concordance.tex)
File: uu_logo.png Graphic file (type png)
<use uu_logo.png>
Package pdftex.def Info: uu_logo.png  used on input line 78.
(pdftex.def)             Requested size: 96.73788pt x 92.14409pt.
File: scilife_logo.png Graphic file (type png)
<use scilife_logo.png>
Package pdftex.def Info: scilife_logo.png  used on input line 78.
(pdftex.def)             Requested size: 169.29684pt x 54.7422pt.
 [2]
Underfull \hbox (badness 10000) in paragraph at lines 78--78

 []

(./certificates-concordance.tex)
File: uu_logo.png Graphic file (type png)
<use uu_logo.png>
Package pdftex.def Info: uu_logo.png  used on input line 78.
(pdftex.def)             Requested size: 96.73788pt x 92.14409pt.
File: scilife_logo.png Graphic file (type png)
<use scilife_logo.png>
Package pdftex.def Info: scilife_logo.png  used on input line 78.
(pdftex.def)             Requested size: 169.29684pt x 54.7422pt.
 [3]
Underfull \hbox (badness 10000) in paragraph at lines 78--78

 []

(./certificates-concordance.tex)
File: uu_logo.png Graphic file (type png)
<use uu_logo.png>
Package pdftex.def Info: uu_logo.png  used on input line 78.
(pdftex.def)             Requested size: 96.73788pt x 92.14409pt.
File: scilife_logo.png Graphic file (type png)
<use scilife_logo.png>
Package pdftex.def Info: scilife_logo.png  used on input line 78.
(pdftex.def)             Requested size: 169.29684pt x 54.7422pt.
 [4]
Underfull \hbox (badness 10000) in paragraph at lines 78--78

 []

(./certificates-concordance.tex)
File: uu_logo.png Graphic file (type png)
<use uu_logo.png>
Package pdftex.def Info: uu_logo.png  used on input line 78.
(pdftex.def)             Requested size: 96.73788pt x 92.14409pt.
File: scilife_logo.png Graphic file (type png)
<use scilife_logo.png>
Package pdftex.def Info: scilife_logo.png  used on input line 78.
(pdftex.def)             Requested size: 169.29684pt x 54.7422pt.
 [5]
Underfull \hbox (badness 10000) in paragraph at lines 78--78

 []

(./certificates-concordance.tex)
File: uu_logo.png Graphic file (type png)
<use uu_logo.png>
Package pdftex.def Info: uu_logo.png  used on input line 78.
(pdftex.def)             Requested size: 96.73788pt x 92.14409pt.
File: scilife_logo.png Graphic file (type png)
<use scilife_logo.png>
Package pdftex.def Info: scilife_logo.png  used on input line 78.
(pdftex.def)             Requested size: 169.29684pt x 54.7422pt.
 [6]
Underfull \hbox (badness 10000) in paragraph at lines 78--78

 []

(./certificates-concordance.tex)
File: uu_logo.png Graphic file (type png)
<use uu_logo.png>
Package pdftex.def Info: uu_logo.png  used on input line 78.
(pdftex.def)             Requested size: 96.73788pt x 92.14409pt.
File: scilife_logo.png Graphic file (type png)
<use scilife_logo.png>
Package pdftex.def Info: scilife_logo.png  used on input line 78.
(pdftex.def)             Requested size: 169.29684pt x 54.7422pt.
 [7]
Underfull \hbox (badness 10000) in paragraph at lines 78--78

 []

(./certificates-concordance.tex)
File: uu_logo.png Graphic file (type png)
<use uu_logo.png>
Package pdftex.def Info: uu_logo.png  used on input line 78.
(pdftex.def)             Requested size: 96.73788pt x 92.14409pt.
File: scilife_logo.png Graphic file (type png)
<use scilife_logo.png>
Package pdftex.def Info: scilife_logo.png  used on input line 78.
(pdftex.def)             Requested size: 169.29684pt x 54.7422pt.
 [8]
Underfull \hbox (badness 10000) in paragraph at lines 78--78

 []

(./certificates-concordance.tex)
File: uu_logo.png Graphic file (type png)
<use uu_logo.png>
Package pdftex.def Info: uu_logo.png  used on input line 78.
(pdftex.def)             Requested size: 96.73788pt x 92.14409pt.
File: scilife_logo.png Graphic file (type png)
<use scilife_logo.png>
Package pdftex.def Info: scilife_logo.png  used on input line 78.
(pdftex.def)             Requested size: 169.29684pt x 54.7422pt.
 [9]
Underfull \hbox (badness 10000) in paragraph at lines 78--78

 []

(./certificates-concordance.tex)
File: uu_logo.png Graphic file (type png)
<use uu_logo.png>
Package pdftex.def Info: uu_logo.png  used on input line 78.
(pdftex.def)             Requested size: 96.73788pt x 92.14409pt.
File: scilife_logo.png Graphic file (type png)
<use scilife_logo.png>
Package pdftex.def Info: scilife_logo.png  used on input line 78.
(pdftex.def)             Requested size: 169.29684pt x 54.7422pt.
 [10]
Underfull \hbox (badness 10000) in paragraph at lines 78--78

 []

(./certificates-concordance.tex)
File: uu_logo.png Graphic file (type png)
<use uu_logo.png>
Package pdftex.def Info: uu_logo.png  used on input line 78.
(pdftex.def)             Requested size: 96.73788pt x 92.14409pt.
File: scilife_logo.png Graphic file (type png)
<use scilife_logo.png>
Package pdftex.def Info: scilife_logo.png  used on input line 78.
(pdftex.def)             Requested size: 169.29684pt x 54.7422pt.
 [11]
Underfull \hbox (badness 10000) in paragraph at lines 78--78

 []

(./certificates-concordance.tex)
File: uu_logo.png Graphic file (type png)
<use uu_logo.png>
Package pdftex.def Info: uu_logo.png  used on input line 78.
(pdftex.def)             Requested size: 96.73788pt x 92.14409pt.
File: scilife_logo.png Graphic file (type png)
<use scilife_logo.png>
Package pdftex.def Info: scilife_logo.png  used on input line 78.
(pdftex.def)             Requested size: 169.29684pt x 54.7422pt.
 [12]
Underfull \hbox (badness 10000) in paragraph at lines 78--78

 []

(./certificates-concordance.tex)
File: uu_logo.png Graphic file (type png)
<use uu_logo.png>
Package pdftex.def Info: uu_logo.png  used on input line 78.
(pdftex.def)             Requested size: 96.73788pt x 92.14409pt.
File: scilife_logo.png Graphic file (type png)
<use scilife_logo.png>
Package pdftex.def Info: scilife_logo.png  used on input line 78.
(pdftex.def)             Requested size: 169.29684pt x 54.7422pt.
 [13]
Underfull \hbox (badness 10000) in paragraph at lines 78--78

 []

(./certificates-concordance.tex)
File: uu_logo.png Graphic file (type png)
<use uu_logo.png>
Package pdftex.def Info: uu_logo.png  used on input line 78.
(pdftex.def)             Requested size: 96.73788pt x 92.14409pt.
File: scilife_logo.png Graphic file (type png)
<use scilife_logo.png>
Package pdftex.def Info: scilife_logo.png  used on input line 78.
(pdftex.def)             Requested size: 169.29684pt x 54.7422pt.
 [14]
Underfull \hbox (badness 10000) in paragraph at lines 78--78

 []

(./certificates-concordance.tex)
File: uu_logo.png Graphic file (type png)
<use uu_logo.png>
Package pdftex.def Info: uu_logo.png  used on input line 78.
(pdftex.def)             Requested size: 96.73788pt x 92.14409pt.
File: scilife_logo.png Graphic file (type png)
<use scilife_logo.png>
Package pdftex.def Info: scilife_logo.png  used on input line 78.
(pdftex.def)             Requested size: 169.29684pt x 54.7422pt.
 [15]
Underfull \hbox (badness 10000) in paragraph at lines 78--78

 []

(./certificates-concordance.tex)
File: uu_logo.png Graphic file (type png)
<use uu_logo.png>
Package pdftex.def Info: uu_logo.png  used on input line 78.
(pdftex.def)             Requested size: 96.73788pt x 92.14409pt.
File: scilife_logo.png Graphic file (type png)
<use scilife_logo.png>
Package pdftex.def Info: scilife_logo.png  used on input line 78.
(pdftex.def)             Requested size: 169.29684pt x 54.7422pt.
 [16]
Underfull \hbox (badness 10000) in paragraph at lines 78--78

 []

(./certificates-concordance.tex)
File: uu_logo.png Graphic file (type png)
<use uu_logo.png>
Package pdftex.def Info: uu_logo.png  used on input line 78.
(pdftex.def)             Requested size: 96.73788pt x 92.14409pt.
File: scilife_logo.png Graphic file (type png)
<use scilife_logo.png>
Package pdftex.def Info: scilife_logo.png  used on input line 78.
(pdftex.def)             Requested size: 169.29684pt x 54.7422pt.
 [17]
Underfull \hbox (badness 10000) in paragraph at lines 78--78

 []

(./certificates-concordance.tex)
File: uu_logo.png Graphic file (type png)
<use uu_logo.png>
Package pdftex.def Info: uu_logo.png  used on input line 78.
(pdftex.def)             Requested size: 96.73788pt x 92.14409pt.
File: scilife_logo.png Graphic file (type png)
<use scilife_logo.png>
Package pdftex.def Info: scilife_logo.png  used on input line 78.
(pdftex.def)             Requested size: 169.29684pt x 54.7422pt.
 [18]
Underfull \hbox (badness 10000) in paragraph at lines 78--78

 []

(./certificates-concordance.tex)
File: uu_logo.png Graphic file (type png)
<use uu_logo.png>
Package pdftex.def Info: uu_logo.png  used on input line 78.
(pdftex.def)             Requested size: 96.73788pt x 92.14409pt.
File: scilife_logo.png Graphic file (type png)
<use scilife_logo.png>
Package pdftex.def Info: scilife_logo.png  used on input line 78.
(pdftex.def)             Requested size: 169.29684pt x 54.7422pt.
 [19]
Underfull \hbox (badness 10000) in paragraph at lines 78--78

 []

(./certificates-concordance.tex)
File: uu_logo.png Graphic file (type png)
<use uu_logo.png>
Package pdftex.def Info: uu_logo.png  used on input line 78.
(pdftex.def)             Requested size: 96.73788pt x 92.14409pt.
File: scilife_logo.png Graphic file (type png)
<use scilife_logo.png>
Package pdftex.def Info: scilife_logo.png  used on input line 78.
(pdftex.def)             Requested size: 169.29684pt x 54.7422pt.
 [20]
Underfull \hbox (badness 10000) in paragraph at lines 78--78

 []

(./certificates-concordance.tex)
File: uu_logo.png Graphic file (type png)
<use uu_logo.png>
Package pdftex.def Info: uu_logo.png  used on input line 78.
(pdftex.def)             Requested size: 96.73788pt x 92.14409pt.
File: scilife_logo.png Graphic file (type png)
<use scilife_logo.png>
Package pdftex.def Info: scilife_logo.png  used on input line 78.
(pdftex.def)             Requested size: 169.29684pt x 54.7422pt.
 [21]
Underfull \hbox (badness 10000) in paragraph at lines 78--78

 []

(./certificates-concordance.tex)
File: uu_logo.png Graphic file (type png)
<use uu_logo.png>
Package pdftex.def Info: uu_logo.png  used on input line 78.
(pdftex.def)             Requested size: 96.73788pt x 92.14409pt.
File: scilife_logo.png Graphic file (type png)
<use scilife_logo.png>
Package pdftex.def Info: scilife_logo.png  used on input line 78.
(pdftex.def)             Requested size: 169.29684pt x 54.7422pt.
 [22]
Underfull \hbox (badness 10000) in paragraph at lines 78--78

 []

(./certificates-concordance.tex)
File: uu_logo.png Graphic file (type png)
<use uu_logo.png>
Package pdftex.def Info: uu_logo.png  used on input line 78.
(pdftex.def)             Requested size: 96.73788pt x 92.14409pt.
File: scilife_logo.png Graphic file (type png)
<use scilife_logo.png>
Package pdftex.def Info: scilife_logo.png  used on input line 78.
(pdftex.def)             Requested size: 169.29684pt x 54.7422pt.
 [23]
Underfull \hbox (badness 10000) in paragraph at lines 78--78

 []

(./certificates-concordance.tex)
File: uu_logo.png Graphic file (type png)
<use uu_logo.png>
Package pdftex.def Info: uu_logo.png  used on input line 78.
(pdftex.def)             Requested size: 96.73788pt x 92.14409pt.
File: scilife_logo.png Graphic file (type png)
<use scilife_logo.png>
Package pdftex.def Info: scilife_logo.png  used on input line 78.
(pdftex.def)             Requested size: 169.29684pt x 54.7422pt.
 [24]
Underfull \hbox (badness 10000) in paragraph at lines 78--78

 []

(./certificates-concordance.tex)
File: uu_logo.png Graphic file (type png)
<use uu_logo.png>
Package pdftex.def Info: uu_logo.png  used on input line 78.
(pdftex.def)             Requested size: 96.73788pt x 92.14409pt.
File: scilife_logo.png Graphic file (type png)
<use scilife_logo.png>
Package pdftex.def Info: scilife_logo.png  used on input line 78.
(pdftex.def)             Requested size: 169.29684pt x 54.7422pt.
 [25]
Underfull \hbox (badness 10000) in paragraph at lines 78--78

 []

(./certificates-concordance.tex)
File: uu_logo.png Graphic file (type png)
<use uu_logo.png>
Package pdftex.def Info: uu_logo.png  used on input line 78.
(pdftex.def)             Requested size: 96.73788pt x 92.14409pt.
File: scilife_logo.png Graphic file (type png)
<use scilife_logo.png>
Package pdftex.def Info: scilife_logo.png  used on input line 78.
(pdftex.def)             Requested size: 169.29684pt x 54.7422pt.
 [26]
Underfull \hbox (badness 10000) in paragraph at lines 78--78

 []

(./certificates-concordance.tex)
File: uu_logo.png Graphic file (type png)
<use uu_logo.png>
Package pdftex.def Info: uu_logo.png  used on input line 78.
(pdftex.def)             Requested size: 96.73788pt x 92.14409pt.
File: scilife_logo.png Graphic file (type png)
<use scilife_logo.png>
Package pdftex.def Info: scilife_logo.png  used on input line 78.
(pdftex.def)             Requested size: 169.29684pt x 54.7422pt.
 [27]
Underfull \hbox (badness 10000) in paragraph at lines 78--78

 []

(./certificates-concordance.tex)
File: uu_logo.png Graphic file (type png)
<use uu_logo.png>
Package pdftex.def Info: uu_logo.png  used on input line 78.
(pdftex.def)             Requested size: 96.73788pt x 92.14409pt.
File: scilife_logo.png Graphic file (type png)
<use scilife_logo.png>
Package pdftex.def Info: scilife_logo.png  used on input line 78.
(pdftex.def)             Requested size: 169.29684pt x 54.7422pt.
 [28]
Underfull \hbox (badness 10000) in paragraph at lines 78--78

 []

(./certificates-concordance.tex)
File: uu_logo.png Graphic file (type png)
<use uu_logo.png>
Package pdftex.def Info: uu_logo.png  used on input line 78.
(pdftex.def)             Requested size: 96.73788pt x 92.14409pt.
File: scilife_logo.png Graphic file (type png)
<use scilife_logo.png>
Package pdftex.def Info: scilife_logo.png  used on input line 78.
(pdftex.def)             Requested size: 169.29684pt x 54.7422pt.
 [29]
Underfull \hbox (badness 10000) in paragraph at lines 78--78

 []

(./certificates-concordance.tex)
File: uu_logo.png Graphic file (type png)
<use uu_logo.png>
Package pdftex.def Info: uu_logo.png  used on input line 78.
(pdftex.def)             Requested size: 96.73788pt x 92.14409pt.
File: scilife_logo.png Graphic file (type png)
<use scilife_logo.png>
Package pdftex.def Info: scilife_logo.png  used on input line 78.
(pdftex.def)             Requested size: 169.29684pt x 54.7422pt.
 [30]
Underfull \hbox (badness 10000) in paragraph at lines 78--78

 []

(./certificates-concordance.tex)
File: uu_logo.png Graphic file (type png)
<use uu_logo.png>
Package pdftex.def Info: uu_logo.png  used on input line 78.
(pdftex.def)             Requested size: 96.73788pt x 92.14409pt.
File: scilife_logo.png Graphic file (type png)
<use scilife_logo.png>
Package pdftex.def Info: scilife_logo.png  used on input line 78.
(pdftex.def)             Requested size: 169.29684pt x 54.7422pt.
 [31]
Underfull \hbox (badness 10000) in paragraph at lines 78--78

 []

(./certificates-concordance.tex)
File: uu_logo.png Graphic file (type png)
<use uu_logo.png>
Package pdftex.def Info: uu_logo.png  used on input line 78.
(pdftex.def)             Requested size: 96.73788pt x 92.14409pt.
File: scilife_logo.png Graphic file (type png)
<use scilife_logo.png>
Package pdftex.def Info: scilife_logo.png  used on input line 78.
(pdftex.def)             Requested size: 169.29684pt x 54.7422pt.
 [32]
Underfull \hbox (badness 10000) in paragraph at lines 78--78

 []

(./certificates-concordance.tex)
File: uu_logo.png Graphic file (type png)
<use uu_logo.png>
Package pdftex.def Info: uu_logo.png  used on input line 78.
(pdftex.def)             Requested size: 96.73788pt x 92.14409pt.
File: scilife_logo.png Graphic file (type png)
<use scilife_logo.png>
Package pdftex.def Info: scilife_logo.png  used on input line 78.
(pdftex.def)             Requested size: 169.29684pt x 54.7422pt.
 [33]
Underfull \hbox (badness 10000) in paragraph at lines 78--78

 []

(./certificates-concordance.tex)
File: uu_logo.png Graphic file (type png)
<use uu_logo.png>
Package pdftex.def Info: uu_logo.png  used on input line 78.
(pdftex.def)             Requested size: 96.73788pt x 92.14409pt.
File: scilife_logo.png Graphic file (type png)
<use scilife_logo.png>
Package pdftex.def Info: scilife_logo.png  used on input line 78.
(pdftex.def)             Requested size: 169.29684pt x 54.7422pt.
 [34]
Underfull \hbox (badness 10000) in paragraph at lines 78--78

 []

(./certificates-concordance.tex)
File: uu_logo.png Graphic file (type png)
<use uu_logo.png>
Package pdftex.def Info: uu_logo.png  used on input line 78.
(pdftex.def)             Requested size: 96.73788pt x 92.14409pt.
File: scilife_logo.png Graphic file (type png)
<use scilife_logo.png>
Package pdftex.def Info: scilife_logo.png  used on input line 78.
(pdftex.def)             Requested size: 169.29684pt x 54.7422pt.
 [35]
Underfull \hbox (badness 10000) in paragraph at lines 78--78

 []

(./certificates-concordance.tex)
File: uu_logo.png Graphic file (type png)
<use uu_logo.png>
Package pdftex.def Info: uu_logo.png  used on input line 78.
(pdftex.def)             Requested size: 96.73788pt x 92.14409pt.
File: scilife_logo.png Graphic file (type png)
<use scilife_logo.png>
Package pdftex.def Info: scilife_logo.png  used on input line 78.
(pdftex.def)             Requested size: 169.29684pt x 54.7422pt.
 [36]
Underfull \hbox (badness 10000) in paragraph at lines 78--78

 []

[37] (./certificates.aux) ) 
Here is how much of TeX's memory you used:
 6480 strings out of 492616
 88567 string characters out of 6129480
 209417 words of memory out of 5000000
 10164 multiletter control sequences out of 15000+600000
 24043 words of font info for 50 fonts, out of 8000000 for 9000
 1141 hyphenation exceptions out of 8191
 45i,10n,47p,829b,307s stack positions out of 5000i,500n,10000p,200000b,80000s
{/usr/local/texlive/2019/texmf-dist/fonts/enc/dvips/
cm-super/cm-super-ts1.enc}</usr/local/texlive/2019/texmf-dist/fonts/type1/publi
c/amsfonts/cm/cmbx10.pfb></usr/local/texlive/2019/texmf-dist/fonts/type1/public
/amsfonts/cm/cmbx12.pfb></usr/local/texlive/2019/texmf-dist/fonts/type1/public/
amsfonts/cm/cmr10.pfb></usr/local/texlive/2019/texmf-dist/fonts/type1/public/am
sfonts/cm/cmr12.pfb></usr/local/texlive/2019/texmf-dist/fonts/type1/public/amsf
onts/cm/cmr17.pfb></usr/local/texlive/2019/texmf-dist/fonts/type1/public/amsfon
ts/cm/cmti10.pfb></usr/local/texlive/2019/texmf-dist/fonts/type1/public/cm-supe
r/sfrm1000.pfb>
Output written on certificates.pdf (37 pages, 513408 bytes).
PDF statistics:
 197 PDF objects out of 1000 (max. 8388607)
 108 compressed objects within 2 object streams
 0 named destinations out of 1000 (max. 500000)
 159 words of extra memory for PDF output out of 10000 (max. 10000000)

